2025-08-08 18:02:41 0 [Note] Starting MariaDB 10.4.32-MariaDB source revision c4143f909528e3fab0677a28631d10389354c491 as process 134328
2025-08-08 18:02:41 0 [Note] InnoDB: Mutexes and rw_locks use Windows interlocked functions
2025-08-08 18:02:41 0 [Note] InnoDB: Uses event mutexes
2025-08-08 18:02:41 0 [Note] InnoDB: Compressed tables use zlib 1.3
2025-08-08 18:02:41 0 [Note] InnoDB: Number of pools: 1
2025-08-08 18:02:41 0 [Note] InnoDB: Using SSE2 crc32 instructions
2025-08-08 18:02:41 0 [Note] InnoDB: Initializing buffer pool, total size = 16M, instances = 1, chunk size = 16M
2025-08-08 18:02:41 0 [Note] InnoDB: Completed initialization of buffer pool
2025-08-08 18:02:41 0 [Note] InnoDB: Starting crash recovery from checkpoint LSN=300288
2025-08-08 18:02:41 0 [Note] InnoDB: 128 out of 128 rollback segments are active.
2025-08-08 18:02:41 0 [Note] InnoDB: Removed temporary tablespace data file: "ibtmp1"
2025-08-08 18:02:41 0 [Note] InnoDB: Creating shared tablespace for temporary tables
2025-08-08 18:02:41 0 [Note] InnoDB: Setting file 'C:\xampp\mysql\data\ibtmp1' size to 12 MB. Physically writing the file full; Please wait ...
2025-08-08 18:02:41 0 [Note] InnoDB: File 'C:\xampp\mysql\data\ibtmp1' size is now 12 MB.
2025-08-08 18:02:41 0 [Note] InnoDB: Waiting for purge to start
2025-08-08 18:02:41 0 [Note] InnoDB: 10.4.32 started; log sequence number 300297; transaction id 170
2025-08-08 18:02:41 0 [Note] InnoDB: Loading buffer pool(s) from C:\xampp\mysql\data\ib_buffer_pool
2025-08-08 18:02:41 0 [Note] Plugin 'FEEDBACK' is disabled.
2025-08-08 18:02:41 0 [Note] InnoDB: Buffer pool(s) load completed at 250808 18:02:41
2025-08-08 18:02:41 0 [Note] Server socket created on IP: '::'.
2025-08-22 17:42:44 0 [Note] Starting MariaDB 10.4.32-MariaDB source revision c4143f909528e3fab0677a28631d10389354c491 as process 37096
2025-08-22 17:42:44 0 [Note] InnoDB: Mutexes and rw_locks use Windows interlocked functions
2025-08-22 17:42:44 0 [Note] InnoDB: Uses event mutexes
2025-08-22 17:42:44 0 [Note] InnoDB: Compressed tables use zlib 1.3
2025-08-22 17:42:44 0 [Note] InnoDB: Number of pools: 1
2025-08-22 17:42:44 0 [Note] InnoDB: Using SSE2 crc32 instructions
2025-08-22 17:42:44 0 [Note] InnoDB: Initializing buffer pool, total size = 16M, instances = 1, chunk size = 16M
2025-08-22 17:42:44 0 [Note] InnoDB: Completed initialization of buffer pool
2025-08-22 17:42:44 0 [Note] InnoDB: Starting crash recovery from checkpoint LSN=9071422
2025-08-22 17:42:46 0 [Note] InnoDB: 128 out of 128 rollback segments are active.
2025-08-22 17:42:46 0 [Note] InnoDB: Removed temporary tablespace data file: "ibtmp1"
2025-08-22 17:42:46 0 [Note] InnoDB: Creating shared tablespace for temporary tables
2025-08-22 17:42:46 0 [Note] InnoDB: Setting file 'C:\xampp\mysql\data\ibtmp1' size to 12 MB. Physically writing the file full; Please wait ...
2025-08-22 17:42:46 0 [Note] InnoDB: File 'C:\xampp\mysql\data\ibtmp1' size is now 12 MB.
2025-08-22 17:42:46 0 [Note] InnoDB: Waiting for purge to start
2025-08-22 17:42:46 0 [Note] InnoDB: 10.4.32 started; log sequence number 9071431; transaction id 2552
2025-08-22 17:42:46 0 [Note] InnoDB: Loading buffer pool(s) from C:\xampp\mysql\data\ib_buffer_pool
2025-08-22 17:42:46 0 [Note] Plugin 'FEEDBACK' is disabled.
2025-08-22 17:42:46 0 [Note] InnoDB: Buffer pool(s) load completed at 250822 17:42:46
2025-08-22 17:42:46 0 [Note] Server socket created on IP: '::'.
2025-08-23  6:02:56 0 [Note] Starting MariaDB 10.4.32-MariaDB source revision c4143f909528e3fab0677a28631d10389354c491 as process 3796
Cannot find checkpoint record at LSN (1,0x5792)
2025-08-23  6:02:56 0 [ERROR] mysqld.exe: Aria recovery failed. Please run aria_chk -r on all Aria tables and delete all aria_log.######## files
2025-08-23  6:02:56 0 [ERROR] Plugin 'Aria' registration as a STORAGE ENGINE failed.
2025-08-23  6:02:56 0 [Note] InnoDB: Mutexes and rw_locks use Windows interlocked functions
2025-08-23  6:02:56 0 [Note] InnoDB: Uses event mutexes
2025-08-23  6:02:56 0 [Note] InnoDB: Compressed tables use zlib 1.3
2025-08-23  6:02:56 0 [Note] InnoDB: Number of pools: 1
2025-08-23  6:02:56 0 [Note] InnoDB: Using SSE2 crc32 instructions
2025-08-23  6:02:56 0 [Note] InnoDB: Initializing buffer pool, total size = 16M, instances = 1, chunk size = 16M
2025-08-23  6:02:56 0 [Note] InnoDB: Completed initialization of buffer pool
2025-08-23  6:02:56 0 [Note] InnoDB: Starting crash recovery from checkpoint LSN=9082045
2025-08-23  6:02:57 0 [Note] InnoDB: 128 out of 128 rollback segments are active.
2025-08-23  6:02:57 0 [Note] InnoDB: Removed temporary tablespace data file: "ibtmp1"
2025-08-23  6:02:57 0 [Note] InnoDB: Creating shared tablespace for temporary tables
2025-08-23  6:02:57 0 [Note] InnoDB: Setting file 'C:\xampp\mysql\data\ibtmp1' size to 12 MB. Physically writing the file full; Please wait ...
2025-08-23  6:02:57 0 [Note] InnoDB: File 'C:\xampp\mysql\data\ibtmp1' size is now 12 MB.
2025-08-23  6:02:57 0 [Note] InnoDB: Waiting for purge to start
2025-08-23  6:02:57 0 [Note] InnoDB: 10.4.32 started; log sequence number 9082054; transaction id 2712
2025-08-23  6:02:57 0 [Note] InnoDB: Loading buffer pool(s) from C:\xampp\mysql\data\ib_buffer_pool
2025-08-23  6:02:57 0 [Note] Plugin 'FEEDBACK' is disabled.
2025-08-23  6:02:57 0 [ERROR] Could not open mysql.plugin table. Some plugins may be not loaded
2025-08-23  6:02:57 0 [ERROR] Failed to initialize plugins.
2025-08-23  6:02:57 0 [ERROR] Aborting
2025-08-23  6:03:09 0 [Note] Starting MariaDB 10.4.32-MariaDB source revision c4143f909528e3fab0677a28631d10389354c491 as process 5760
Cannot find checkpoint record at LSN (1,0x5792)
2025-08-23  6:03:09 0 [ERROR] mysqld.exe: Aria recovery failed. Please run aria_chk -r on all Aria tables and delete all aria_log.######## files
2025-08-23  6:03:09 0 [ERROR] Plugin 'Aria' registration as a STORAGE ENGINE failed.
2025-08-23  6:03:09 0 [Note] InnoDB: Mutexes and rw_locks use Windows interlocked functions
2025-08-23  6:03:09 0 [Note] InnoDB: Uses event mutexes
2025-08-23  6:03:09 0 [Note] InnoDB: Compressed tables use zlib 1.3
2025-08-23  6:03:09 0 [Note] InnoDB: Number of pools: 1
2025-08-23  6:03:09 0 [Note] InnoDB: Using SSE2 crc32 instructions
2025-08-23  6:03:09 0 [Note] InnoDB: Initializing buffer pool, total size = 16M, instances = 1, chunk size = 16M
2025-08-23  6:03:09 0 [Note] InnoDB: Completed initialization of buffer pool
2025-08-23  6:03:09 0 [Note] InnoDB: 128 out of 128 rollback segments are active.
2025-08-23  6:03:09 0 [Note] InnoDB: Creating shared tablespace for temporary tables
2025-08-23  6:03:09 0 [Note] InnoDB: Setting file 'C:\xampp\mysql\data\ibtmp1' size to 12 MB. Physically writing the file full; Please wait ...
2025-08-23  6:03:09 0 [Note] InnoDB: File 'C:\xampp\mysql\data\ibtmp1' size is now 12 MB.
2025-08-23  6:03:09 0 [Note] InnoDB: Waiting for purge to start
2025-08-23  6:03:09 0 [Note] InnoDB: 10.4.32 started; log sequence number 9082063; transaction id 2712
2025-08-23  6:03:09 0 [Note] InnoDB: Loading buffer pool(s) from C:\xampp\mysql\data\ib_buffer_pool
2025-08-23  6:03:09 0 [Note] Plugin 'FEEDBACK' is disabled.
2025-08-23  6:03:09 0 [ERROR] Could not open mysql.plugin table. Some plugins may be not loaded
2025-08-23  6:03:09 0 [ERROR] Failed to initialize plugins.
2025-08-23  6:03:09 0 [ERROR] Aborting
2025-08-23  6:04:41 0 [Note] Starting MariaDB 10.4.32-MariaDB source revision c4143f909528e3fab0677a28631d10389354c491 as process 13128
Cannot find checkpoint record at LSN (1,0x5792)
2025-08-23  6:04:41 0 [ERROR] mysqld.exe: Aria recovery failed. Please run aria_chk -r on all Aria tables and delete all aria_log.######## files
2025-08-23  6:04:41 0 [ERROR] Plugin 'Aria' registration as a STORAGE ENGINE failed.
2025-08-23  6:04:41 0 [Note] InnoDB: Mutexes and rw_locks use Windows interlocked functions
2025-08-23  6:04:41 0 [Note] InnoDB: Uses event mutexes
2025-08-23  6:04:41 0 [Note] InnoDB: Compressed tables use zlib 1.3
2025-08-23  6:04:41 0 [Note] InnoDB: Number of pools: 1
2025-08-23  6:04:41 0 [Note] InnoDB: Using SSE2 crc32 instructions
2025-08-23  6:04:41 0 [Note] InnoDB: Initializing buffer pool, total size = 16M, instances = 1, chunk size = 16M
2025-08-23  6:04:41 0 [Note] InnoDB: Completed initialization of buffer pool
2025-08-23  6:04:41 0 [Note] InnoDB: 128 out of 128 rollback segments are active.
2025-08-23  6:04:41 0 [Note] InnoDB: Creating shared tablespace for temporary tables
2025-08-23  6:04:41 0 [Note] InnoDB: Setting file 'C:\xampp\mysql\data\ibtmp1' size to 12 MB. Physically writing the file full; Please wait ...
2025-08-23  6:04:41 0 [Note] InnoDB: File 'C:\xampp\mysql\data\ibtmp1' size is now 12 MB.
2025-08-23  6:04:41 0 [Note] InnoDB: Waiting for purge to start
2025-08-23  6:04:41 0 [Note] InnoDB: 10.4.32 started; log sequence number 9082072; transaction id 2712
2025-08-23  6:04:41 0 [Note] InnoDB: Loading buffer pool(s) from C:\xampp\mysql\data\ib_buffer_pool
2025-08-23  6:04:41 0 [Note] Plugin 'FEEDBACK' is disabled.
2025-08-23  6:04:41 0 [ERROR] Could not open mysql.plugin table. Some plugins may be not loaded
2025-08-23  6:04:41 0 [ERROR] Failed to initialize plugins.
2025-08-23  6:04:41 0 [ERROR] Aborting
2025-08-23  6:04:44 0 [Note] Starting MariaDB 10.4.32-MariaDB source revision c4143f909528e3fab0677a28631d10389354c491 as process 2272
Cannot find checkpoint record at LSN (1,0x5792)
2025-08-23  6:04:44 0 [ERROR] mysqld.exe: Aria recovery failed. Please run aria_chk -r on all Aria tables and delete all aria_log.######## files
2025-08-23  6:04:44 0 [ERROR] Plugin 'Aria' registration as a STORAGE ENGINE failed.
2025-08-23  6:04:44 0 [Note] InnoDB: Mutexes and rw_locks use Windows interlocked functions
2025-08-23  6:04:44 0 [Note] InnoDB: Uses event mutexes
2025-08-23  6:04:44 0 [Note] InnoDB: Compressed tables use zlib 1.3
2025-08-23  6:04:44 0 [Note] InnoDB: Number of pools: 1
2025-08-23  6:04:44 0 [Note] InnoDB: Using SSE2 crc32 instructions
2025-08-23  6:04:44 0 [Note] InnoDB: Initializing buffer pool, total size = 16M, instances = 1, chunk size = 16M
2025-08-23  6:04:44 0 [Note] InnoDB: Completed initialization of buffer pool
2025-08-23  6:04:44 0 [Note] InnoDB: 128 out of 128 rollback segments are active.
2025-08-23  6:04:44 0 [Note] InnoDB: Creating shared tablespace for temporary tables
2025-08-23  6:04:44 0 [Note] InnoDB: Setting file 'C:\xampp\mysql\data\ibtmp1' size to 12 MB. Physically writing the file full; Please wait ...
2025-08-23  6:04:44 0 [Note] InnoDB: File 'C:\xampp\mysql\data\ibtmp1' size is now 12 MB.
2025-08-23  6:04:44 0 [Note] InnoDB: Waiting for purge to start
2025-08-23  6:04:44 0 [Note] InnoDB: 10.4.32 started; log sequence number 9082081; transaction id 2712
2025-08-23  6:04:44 0 [Note] InnoDB: Loading buffer pool(s) from C:\xampp\mysql\data\ib_buffer_pool
2025-08-23  6:04:44 0 [Note] Plugin 'FEEDBACK' is disabled.
2025-08-23  6:04:44 0 [ERROR] Could not open mysql.plugin table. Some plugins may be not loaded
2025-08-23  6:04:44 0 [ERROR] Failed to initialize plugins.
2025-08-23  6:04:44 0 [ERROR] Aborting
2025-08-23  6:07:19 0 [Note] Starting MariaDB 10.4.32-MariaDB source revision c4143f909528e3fab0677a28631d10389354c491 as process 21048
Cannot find checkpoint record at LSN (1,0x5792)
2025-08-23  6:07:19 0 [ERROR] mysqld.exe: Aria recovery failed. Please run aria_chk -r on all Aria tables and delete all aria_log.######## files
2025-08-23  6:07:19 0 [ERROR] Plugin 'Aria' registration as a STORAGE ENGINE failed.
2025-08-23  6:07:19 0 [Note] InnoDB: Mutexes and rw_locks use Windows interlocked functions
2025-08-23  6:07:19 0 [Note] InnoDB: Uses event mutexes
2025-08-23  6:07:19 0 [Note] InnoDB: Compressed tables use zlib 1.3
2025-08-23  6:07:19 0 [Note] InnoDB: Number of pools: 1
2025-08-23  6:07:19 0 [Note] InnoDB: Using SSE2 crc32 instructions
2025-08-23  6:07:19 0 [Note] InnoDB: Initializing buffer pool, total size = 16M, instances = 1, chunk size = 16M
2025-08-23  6:07:19 0 [Note] InnoDB: Completed initialization of buffer pool
2025-08-23  6:07:19 0 [Note] InnoDB: 128 out of 128 rollback segments are active.
2025-08-23  6:07:19 0 [Note] InnoDB: Creating shared tablespace for temporary tables
2025-08-23  6:07:19 0 [Note] InnoDB: Setting file 'C:\xampp\mysql\data\ibtmp1' size to 12 MB. Physically writing the file full; Please wait ...
2025-08-23  6:07:19 0 [Note] InnoDB: File 'C:\xampp\mysql\data\ibtmp1' size is now 12 MB.
2025-08-23  6:07:19 0 [Note] InnoDB: Waiting for purge to start
2025-08-23  6:07:19 0 [Note] InnoDB: 10.4.32 started; log sequence number 9082090; transaction id 2712
2025-08-23  6:07:19 0 [Note] InnoDB: Loading buffer pool(s) from C:\xampp\mysql\data\ib_buffer_pool
2025-08-23  6:07:19 0 [Note] Plugin 'FEEDBACK' is disabled.
2025-08-23  6:07:19 0 [ERROR] Could not open mysql.plugin table. Some plugins may be not loaded
2025-08-23  6:07:19 0 [ERROR] Failed to initialize plugins.
2025-08-23  6:07:19 0 [ERROR] Aborting
2025-08-23  6:07:22 0 [Note] Starting MariaDB 10.4.32-MariaDB source revision c4143f909528e3fab0677a28631d10389354c491 as process 15896
Cannot find checkpoint record at LSN (1,0x5792)
2025-08-23  6:07:22 0 [ERROR] mysqld.exe: Aria recovery failed. Please run aria_chk -r on all Aria tables and delete all aria_log.######## files
2025-08-23  6:07:22 0 [ERROR] Plugin 'Aria' registration as a STORAGE ENGINE failed.
2025-08-23  6:07:22 0 [Note] InnoDB: Mutexes and rw_locks use Windows interlocked functions
2025-08-23  6:07:22 0 [Note] InnoDB: Uses event mutexes
2025-08-23  6:07:22 0 [Note] InnoDB: Compressed tables use zlib 1.3
2025-08-23  6:07:22 0 [Note] InnoDB: Number of pools: 1
2025-08-23  6:07:22 0 [Note] InnoDB: Using SSE2 crc32 instructions
2025-08-23  6:07:22 0 [Note] InnoDB: Initializing buffer pool, total size = 16M, instances = 1, chunk size = 16M
2025-08-23  6:07:22 0 [Note] InnoDB: Completed initialization of buffer pool
2025-08-23  6:07:22 0 [Note] InnoDB: 128 out of 128 rollback segments are active.
2025-08-23  6:07:22 0 [Note] InnoDB: Creating shared tablespace for temporary tables
2025-08-23  6:07:22 0 [Note] InnoDB: Setting file 'C:\xampp\mysql\data\ibtmp1' size to 12 MB. Physically writing the file full; Please wait ...
2025-08-23  6:07:22 0 [Note] InnoDB: File 'C:\xampp\mysql\data\ibtmp1' size is now 12 MB.
2025-08-23  6:07:22 0 [Note] InnoDB: Waiting for purge to start
2025-08-23  6:07:22 0 [Note] InnoDB: 10.4.32 started; log sequence number 9082099; transaction id 2712
2025-08-23  6:07:22 0 [Note] InnoDB: Loading buffer pool(s) from C:\xampp\mysql\data\ib_buffer_pool
2025-08-23  6:07:22 0 [Note] Plugin 'FEEDBACK' is disabled.
2025-08-23  6:07:22 0 [ERROR] Could not open mysql.plugin table. Some plugins may be not loaded
2025-08-23  6:07:22 0 [ERROR] Failed to initialize plugins.
2025-08-23  6:07:22 0 [ERROR] Aborting
2025-08-23  6:08:22 0 [Note] Starting MariaDB 10.4.32-MariaDB source revision c4143f909528e3fab0677a28631d10389354c491 as process 3800
Cannot find checkpoint record at LSN (1,0x5792)
2025-08-23  6:08:22 0 [ERROR] mysqld.exe: Aria recovery failed. Please run aria_chk -r on all Aria tables and delete all aria_log.######## files
2025-08-23  6:08:22 0 [ERROR] Plugin 'Aria' registration as a STORAGE ENGINE failed.
2025-08-23  6:08:22 0 [Note] InnoDB: Mutexes and rw_locks use Windows interlocked functions
2025-08-23  6:08:22 0 [Note] InnoDB: Uses event mutexes
2025-08-23  6:08:22 0 [Note] InnoDB: Compressed tables use zlib 1.3
2025-08-23  6:08:22 0 [Note] InnoDB: Number of pools: 1
2025-08-23  6:08:22 0 [Note] InnoDB: Using SSE2 crc32 instructions
2025-08-23  6:08:22 0 [Note] InnoDB: Initializing buffer pool, total size = 16M, instances = 1, chunk size = 16M
2025-08-23  6:08:22 0 [Note] InnoDB: Completed initialization of buffer pool
2025-08-23  6:08:22 0 [Note] InnoDB: 128 out of 128 rollback segments are active.
2025-08-23  6:08:22 0 [Note] InnoDB: Creating shared tablespace for temporary tables
2025-08-23  6:08:22 0 [Note] InnoDB: Setting file 'C:\xampp\mysql\data\ibtmp1' size to 12 MB. Physically writing the file full; Please wait ...
2025-08-23  6:08:22 0 [Note] InnoDB: File 'C:\xampp\mysql\data\ibtmp1' size is now 12 MB.
2025-08-23  6:08:22 0 [Note] InnoDB: Waiting for purge to start
2025-08-23  6:08:22 0 [Note] InnoDB: 10.4.32 started; log sequence number 9082108; transaction id 2712
2025-08-23  6:08:22 0 [Note] InnoDB: Loading buffer pool(s) from C:\xampp\mysql\data\ib_buffer_pool
2025-08-23  6:08:22 0 [Note] Plugin 'FEEDBACK' is disabled.
2025-08-23  6:08:22 0 [ERROR] Could not open mysql.plugin table. Some plugins may be not loaded
2025-08-23  6:08:22 0 [ERROR] Failed to initialize plugins.
2025-08-23  6:08:22 0 [ERROR] Aborting
2025-08-23  6:08:51 0 [Note] Starting MariaDB 10.4.32-MariaDB source revision c4143f909528e3fab0677a28631d10389354c491 as process 16348
Cannot find checkpoint record at LSN (1,0x5792)
2025-08-23  6:08:51 0 [ERROR] mysqld.exe: Aria recovery failed. Please run aria_chk -r on all Aria tables and delete all aria_log.######## files
2025-08-23  6:08:51 0 [ERROR] Plugin 'Aria' registration as a STORAGE ENGINE failed.
2025-08-23  6:08:51 0 [Note] InnoDB: Mutexes and rw_locks use Windows interlocked functions
2025-08-23  6:08:51 0 [Note] InnoDB: Uses event mutexes
2025-08-23  6:08:51 0 [Note] InnoDB: Compressed tables use zlib 1.3
2025-08-23  6:08:51 0 [Note] InnoDB: Number of pools: 1
2025-08-23  6:08:51 0 [Note] InnoDB: Using SSE2 crc32 instructions
2025-08-23  6:08:51 0 [Note] InnoDB: Initializing buffer pool, total size = 16M, instances = 1, chunk size = 16M
2025-08-23  6:08:52 0 [Note] InnoDB: Completed initialization of buffer pool
2025-08-23  6:08:52 0 [Note] InnoDB: 128 out of 128 rollback segments are active.
2025-08-23  6:08:52 0 [Note] InnoDB: Creating shared tablespace for temporary tables
2025-08-23  6:08:52 0 [Note] InnoDB: Setting file 'C:\xampp\mysql\data\ibtmp1' size to 12 MB. Physically writing the file full; Please wait ...
2025-08-23  6:08:52 0 [Note] InnoDB: File 'C:\xampp\mysql\data\ibtmp1' size is now 12 MB.
2025-08-23  6:08:52 0 [Note] InnoDB: Waiting for purge to start
2025-08-23  6:08:52 0 [Note] InnoDB: 10.4.32 started; log sequence number 9082117; transaction id 2712
2025-08-23  6:08:52 0 [Note] InnoDB: Loading buffer pool(s) from C:\xampp\mysql\data\ib_buffer_pool
2025-08-23  6:08:52 0 [Note] Plugin 'FEEDBACK' is disabled.
2025-08-23  6:08:52 0 [ERROR] Could not open mysql.plugin table. Some plugins may be not loaded
2025-08-23  6:08:52 0 [ERROR] Failed to initialize plugins.
2025-08-23  6:08:52 0 [ERROR] Aborting
2025-08-23  6:09:14 0 [Note] Starting MariaDB 10.4.32-MariaDB source revision c4143f909528e3fab0677a28631d10389354c491 as process 14072
Cannot find checkpoint record at LSN (1,0x5792)
2025-08-23  6:09:14 0 [ERROR] mysqld.exe: Aria recovery failed. Please run aria_chk -r on all Aria tables and delete all aria_log.######## files
2025-08-23  6:09:14 0 [ERROR] Plugin 'Aria' registration as a STORAGE ENGINE failed.
2025-08-23  6:09:14 0 [Note] InnoDB: Mutexes and rw_locks use Windows interlocked functions
2025-08-23  6:09:14 0 [Note] InnoDB: Uses event mutexes
2025-08-23  6:09:14 0 [Note] InnoDB: Compressed tables use zlib 1.3
2025-08-23  6:09:14 0 [Note] InnoDB: Number of pools: 1
2025-08-23  6:09:14 0 [Note] InnoDB: Using SSE2 crc32 instructions
2025-08-23  6:09:14 0 [Note] InnoDB: Initializing buffer pool, total size = 16M, instances = 1, chunk size = 16M
2025-08-23  6:09:14 0 [Note] InnoDB: Completed initialization of buffer pool
2025-08-23  6:09:14 0 [Note] InnoDB: 128 out of 128 rollback segments are active.
2025-08-23  6:09:14 0 [Note] InnoDB: Creating shared tablespace for temporary tables
2025-08-23  6:09:14 0 [Note] InnoDB: Setting file 'C:\xampp\mysql\data\ibtmp1' size to 12 MB. Physically writing the file full; Please wait ...
2025-08-23  6:09:14 0 [Note] InnoDB: File 'C:\xampp\mysql\data\ibtmp1' size is now 12 MB.
2025-08-23  6:09:14 0 [Note] InnoDB: Waiting for purge to start
2025-08-23  6:09:14 0 [Note] InnoDB: 10.4.32 started; log sequence number 9082126; transaction id 2712
2025-08-23  6:09:14 0 [Note] InnoDB: Loading buffer pool(s) from C:\xampp\mysql\data\ib_buffer_pool
2025-08-23  6:09:14 0 [Note] Plugin 'FEEDBACK' is disabled.
2025-08-23  6:09:14 0 [ERROR] Could not open mysql.plugin table. Some plugins may be not loaded
2025-08-23  6:09:14 0 [ERROR] Failed to initialize plugins.
2025-08-23  6:09:14 0 [ERROR] Aborting
2025-08-23  6:09:31 0 [Note] Starting MariaDB 10.4.32-MariaDB source revision c4143f909528e3fab0677a28631d10389354c491 as process 18256
Cannot find checkpoint record at LSN (1,0x5792)
2025-08-23  6:09:31 0 [ERROR] mysqld.exe: Aria recovery failed. Please run aria_chk -r on all Aria tables and delete all aria_log.######## files
2025-08-23  6:09:31 0 [ERROR] Plugin 'Aria' registration as a STORAGE ENGINE failed.
2025-08-23  6:09:31 0 [Note] InnoDB: Mutexes and rw_locks use Windows interlocked functions
2025-08-23  6:09:31 0 [Note] InnoDB: Uses event mutexes
2025-08-23  6:09:31 0 [Note] InnoDB: Compressed tables use zlib 1.3
2025-08-23  6:09:31 0 [Note] InnoDB: Number of pools: 1
2025-08-23  6:09:31 0 [Note] InnoDB: Using SSE2 crc32 instructions
2025-08-23  6:09:31 0 [Note] InnoDB: Initializing buffer pool, total size = 16M, instances = 1, chunk size = 16M
2025-08-23  6:09:31 0 [Note] InnoDB: Completed initialization of buffer pool
2025-08-23  6:09:31 0 [Note] InnoDB: 128 out of 128 rollback segments are active.
2025-08-23  6:09:31 0 [Note] InnoDB: Creating shared tablespace for temporary tables
2025-08-23  6:09:31 0 [Note] InnoDB: Setting file 'C:\xampp\mysql\data\ibtmp1' size to 12 MB. Physically writing the file full; Please wait ...
2025-08-23  6:09:31 0 [Note] InnoDB: File 'C:\xampp\mysql\data\ibtmp1' size is now 12 MB.
2025-08-23  6:09:31 0 [Note] InnoDB: Waiting for purge to start
2025-08-23  6:09:31 0 [Note] InnoDB: 10.4.32 started; log sequence number 9082135; transaction id 2712
2025-08-23  6:09:31 0 [Note] InnoDB: Loading buffer pool(s) from C:\xampp\mysql\data\ib_buffer_pool
2025-08-23  6:09:31 0 [Note] Plugin 'FEEDBACK' is disabled.
2025-08-23  6:09:31 0 [ERROR] Could not open mysql.plugin table. Some plugins may be not loaded
2025-08-23  6:09:31 0 [ERROR] Failed to initialize plugins.
2025-08-23  6:09:31 0 [ERROR] Aborting
2025-08-23  7:54:13 0 [Note] Starting MariaDB 10.4.32-MariaDB source revision c4143f909528e3fab0677a28631d10389354c491 as process 21736
Cannot find checkpoint record at LSN (1,0x5792)
2025-08-23  7:54:13 0 [ERROR] mysqld.exe: Aria recovery failed. Please run aria_chk -r on all Aria tables and delete all aria_log.######## files
2025-08-23  7:54:13 0 [ERROR] Plugin 'Aria' registration as a STORAGE ENGINE failed.
2025-08-23  7:54:13 0 [Note] InnoDB: Mutexes and rw_locks use Windows interlocked functions
2025-08-23  7:54:13 0 [Note] InnoDB: Uses event mutexes
2025-08-23  7:54:13 0 [Note] InnoDB: Compressed tables use zlib 1.3
2025-08-23  7:54:13 0 [Note] InnoDB: Number of pools: 1
2025-08-23  7:54:13 0 [Note] InnoDB: Using SSE2 crc32 instructions
2025-08-23  7:54:13 0 [Note] InnoDB: Initializing buffer pool, total size = 16M, instances = 1, chunk size = 16M
2025-08-23  7:54:13 0 [Note] InnoDB: Completed initialization of buffer pool
2025-08-23  7:54:14 0 [Note] InnoDB: 128 out of 128 rollback segments are active.
2025-08-23  7:54:14 0 [Note] InnoDB: Creating shared tablespace for temporary tables
2025-08-23  7:54:14 0 [Note] InnoDB: Setting file 'C:\xampp\mysql\data\ibtmp1' size to 12 MB. Physically writing the file full; Please wait ...
2025-08-23  7:54:14 0 [Note] InnoDB: File 'C:\xampp\mysql\data\ibtmp1' size is now 12 MB.
2025-08-23  7:54:14 0 [Note] InnoDB: Waiting for purge to start
2025-08-23  7:54:14 0 [Note] InnoDB: 10.4.32 started; log sequence number 9082144; transaction id 2712
2025-08-23  7:54:14 0 [Note] InnoDB: Loading buffer pool(s) from C:\xampp\mysql\data\ib_buffer_pool
2025-08-23  7:54:14 0 [Note] Plugin 'FEEDBACK' is disabled.
2025-08-23  7:54:14 0 [ERROR] Could not open mysql.plugin table. Some plugins may be not loaded
2025-08-23  7:54:14 0 [ERROR] Failed to initialize plugins.
2025-08-23  7:54:14 0 [ERROR] Aborting
